生成启动时间为 2026/1/30 16:39:03。
     1>项目“D:\Code\GC\GC\GC.vcxproj”在节点 2 上(build 个目标)。
     1>InitializeBuildStatus:
         正在创建“Release\GC.unsuccessfulbuild”，因为已指定“AlwaysCreate”。
       ClCompile:
         D:\VC2010\VC\bin\CL.exe /c /Zi /nologo /W3 /WX- /O2 /Oi /Oy- /GL /D WIN32 /D NDEBUG /D _WINDOWS /D _UNICODE /D UNICODE /Gm- /EHsc /MD /GS /Gy /fp:precise /Zc:wchar_t /Zc:forScope /Fo"Release\\" /Fd"Release\vc100.pdb" /Gd /TP /analyze- /errorReport:prompt GameCore.cpp
         GameCore.cpp
       Link:
         D:\VC2010\VC\bin\link.exe /ERRORREPORT:PROMPT /OUT:"D:\Code\GC\Release\GC.exe" /INCREMENTAL:NO /NOLOGO d3d9.lib d3dx9.lib dxguid.lib winmm.lib dinput8.lib dxerr.lib dsound.lib kernel32.lib user32.lib gdi32.lib winspool.lib comdlg32.lib advapi32.lib shell32.lib ole32.lib oleaut32.lib uuid.lib odbc32.lib odbccp32.lib /MANIFEST /ManifestFile:"Release\GC.exe.intermediate.manifest" /MANIFESTUAC:"level='asInvoker' uiAccess='false'" /DEBUG /PDB:"D:\Code\GC\Release\GC.pdb" /SUBSYSTEM:WINDOWS /OPT:REF /OPT:ICF /LTCG /TLBID:1 /DYNAMICBASE /NXCOMPAT /IMPLIB:"D:\Code\GC\Release\GC.lib" /MACHINE:X86 Release\GameCore.obj
         正在生成代码
         已完成代码的生成
         GC.vcxproj -> D:\Code\GC\Release\GC.exe
       Manifest:
         C:\Program Files (x86)\Microsoft SDKs\Windows\v7.0A\bin\mt.exe /nologo /verbose /outputresource:"D:\Code\GC\Release\GC.exe;#1" /manifest Release\GC.exe.intermediate.manifest
       FinalizeBuildStatus:
         正在删除文件“Release\GC.unsuccessfulbuild”。
         正在对“Release\GC.lastbuildstate”执行 Touch 任务。
     1>已完成生成项目“D:\Code\GC\GC\GC.vcxproj”(build 个目标)的操作。

生成成功。

已用时间 00:00:00.54
