D:\CODE\GC\DEBUG\GC.EXE
D:\CODE\GC\DEBUG\GC.ILK
D:\CODE\GC\DEBUG\GC.PDB
D:\Code\GC\GC\Debug\cl.command.1.tlog
D:\Code\GC\GC\Debug\CL.read.1.tlog
D:\Code\GC\GC\Debug\CL.write.1.tlog
D:\CODE\GC\GC\DEBUG\GAMECORE.OBJ
D:\CODE\GC\GC\DEBUG\GC.EXE.EMBED.MANIFEST
D:\CODE\GC\GC\DEBUG\GC.EXE.EMBED.MANIFEST.RES
D:\CODE\GC\GC\DEBUG\GC.EXE.INTERMEDIATE.MANIFEST
D:\Code\GC\GC\Debug\GC.write.1.tlog
D:\Code\GC\GC\Debug\GC_manifest.rc
D:\Code\GC\GC\Debug\link.193432.read.1.tlog
D:\Code\GC\GC\Debug\link.193432.write.1.tlog
D:\Code\GC\GC\Debug\link.193432-cvtres.read.1.tlog
D:\Code\GC\GC\Debug\link.193432-cvtres.write.1.tlog
D:\Code\GC\GC\Debug\link.command.1.tlog
D:\Code\GC\GC\Debug\link.read.1.tlog
D:\Code\GC\GC\Debug\link.write.1.tlog
D:\Code\GC\GC\Debug\link-cvtres.read.1.tlog
D:\Code\GC\GC\Debug\link-cvtres.write.1.tlog
D:\Code\GC\GC\Debug\mt.command.1.tlog
D:\Code\GC\GC\Debug\mt.read.1.tlog
D:\Code\GC\GC\Debug\mt.write.1.tlog
D:\Code\GC\GC\Debug\rc.command.1.tlog
D:\Code\GC\GC\Debug\rc.read.1.tlog
D:\Code\GC\GC\Debug\rc.write.1.tlog
D:\Code\GC\GC\Debug\vc100.idb
D:\CODE\GC\GC\DEBUG\VC100.PDB
