生成启动时间为 2026/1/23 20:21:26。
     1>项目“D:\Code\GC\GC\GC.vcxproj”在节点 2 上(build 个目标)。
     1>InitializeBuildStatus:
         正在创建“Debug\GC.unsuccessfulbuild”，因为已指定“AlwaysCreate”。
       ClCompile:
         D:\VC2010\VC\bin\CL.exe /c /ZI /nologo /W3 /WX- /Od /Oy- /D WIN32 /D _DEBUG /D _WINDOWS /D _UNICODE /D UNICODE /Gm /EHsc /RTC1 /MDd /GS /fp:precise /Zc:wchar_t /Zc:forScope /Fo"Debug\\" /Fd"Debug\vc100.pdb" /Gd /TP /analyze- /errorReport:prompt GameCore.cpp
         GameCore.cpp
       ManifestResourceCompile:
         所有输出均为最新。
       Link:
         D:\VC2010\VC\bin\link.exe /ERRORREPORT:PROMPT /OUT:"D:\Code\GC\Debug\GC.exe" /INCREMENTAL /NOLOGO d3d9.lib d3dx9.lib dxguid.lib winmm.lib dinput8.lib dxerr.lib dsound.lib kernel32.lib user32.lib gdi32.lib winspool.lib comdlg32.lib advapi32.lib shell32.lib ole32.lib oleaut32.lib uuid.lib odbc32.lib odbccp32.lib /MANIFEST /ManifestFile:"Debug\GC.exe.intermediate.manifest" /MANIFESTUAC:"level='asInvoker' uiAccess='false'" /DEBUG /PDB:"D:\Code\GC\Debug\GC.pdb" /SUBSYSTEM:WINDOWS /TLBID:1 /DYNAMICBASE /NXCOMPAT /IMPLIB:"D:\Code\GC\Debug\GC.lib" /MACHINE:X86 Debug\GC.exe.embed.manifest.res
         Debug\GameCore.obj
       Manifest:
         C:\Program Files (x86)\Microsoft SDKs\Windows\v7.0A\bin\mt.exe /nologo /verbose /out:"Debug\GC.exe.embed.manifest" /manifest Debug\GC.exe.intermediate.manifest
         所有输出均为最新。
       LinkEmbedManifest:
         所有输出均为最新。
         GC.vcxproj -> D:\Code\GC\Debug\GC.exe
       FinalizeBuildStatus:
         正在删除文件“Debug\GC.unsuccessfulbuild”。
         正在对“Debug\GC.lastbuildstate”执行 Touch 任务。
     1>已完成生成项目“D:\Code\GC\GC\GC.vcxproj”(build 个目标)的操作。

生成成功。

已用时间 00:00:05.03
